<testsuites name="jest tests" tests="2" failures="0" time="2.262">
  <testsuite name="undefined" errors="0" failures="0" skipped="0" timestamp="2019-01-16T06:54:27" time="0.679" tests="2">
    <testcase classname=" Instantiate a Vector class" name=" Instantiate a Vector class" time="0.007">
    </testcase>
    <testcase classname=" Pass atributes to constructor" name=" Pass atributes to constructor" time="0.001">
    </testcase>
  </testsuite>
</testsuites>